<?xml version="1.0" encoding="UTF-8"?>
<testsuite name="com.caneda.springboot.exception.GlobalExceptionHandlerTest" tests="3" skipped="0" failures="0" errors="0" timestamp="2026-06-03T15:20:23.539Z" hostname="LAPTOP-6D9V11MV" time="0.086">
  <properties/>
  <testcase name="shouldHandleIllegalArgumentException()" classname="com.caneda.springboot.exception.GlobalExceptionHandlerTest" time="0.017"/>
  <testcase name="shouldHandleInsufficientBalanceException()" classname="com.caneda.springboot.exception.GlobalExceptionHandlerTest" time="0.045"/>
  <testcase name="shouldHandleUserNotFoundException()" classname="com.caneda.springboot.exception.GlobalExceptionHandlerTest" time="0.01"/>
  <system-out><![CDATA[]]></system-out>
  <system-err><![CDATA[]]></system-err>
</testsuite>
