<?xml version="1.0" encoding="UTF-8"?>
<testsuite name="com.caneda.springboot.service.UserServiceTest" tests="5" skipped="0" failures="0" errors="0" timestamp="2026-06-03T15:20:23.679Z" hostname="LAPTOP-6D9V11MV" time="2.901">
  <properties/>
  <testcase name="shouldGetUserById()" classname="com.caneda.springboot.service.UserServiceTest" time="2.538"/>
  <testcase name="shouldUpdateUser()" classname="com.caneda.springboot.service.UserServiceTest" time="0.164"/>
  <testcase name="shouldCreateUser()" classname="com.caneda.springboot.service.UserServiceTest" time="0.017"/>
  <testcase name="shouldDeleteUser()" classname="com.caneda.springboot.service.UserServiceTest" time="0.024"/>
  <testcase name="shouldThrowWhenUserNotFound()" classname="com.caneda.springboot.service.UserServiceTest" time="0.067"/>
  <system-out><![CDATA[]]></system-out>
  <system-err><![CDATA[]]></system-err>
</testsuite>
