<?xml version="1.0" encoding="UTF-8"?>
<testsuite name="com.caneda.springboot.service.UserServiceTest" tests="6" skipped="0" failures="0" errors="0" timestamp="2026-05-30T14:55:05.145Z" hostname="LAPTOP-6D9V11MV" time="2.405">
  <properties/>
  <testcase name="shouldGetUserById()" classname="com.caneda.springboot.service.UserServiceTest" time="2.03"/>
  <testcase name="shouldUpdateUser()" classname="com.caneda.springboot.service.UserServiceTest" time="0.059"/>
  <testcase name="shouldThrowWhenIdIsInvalid()" classname="com.caneda.springboot.service.UserServiceTest" time="0.054"/>
  <testcase name="shouldCreateUser()" classname="com.caneda.springboot.service.UserServiceTest" time="0.038"/>
  <testcase name="shouldDeleteUser()" classname="com.caneda.springboot.service.UserServiceTest" time="0.194"/>
  <testcase name="shouldThrowWhenUserNotFound()" classname="com.caneda.springboot.service.UserServiceTest" time="0.015"/>
  <system-out><![CDATA[]]></system-out>
  <system-err><![CDATA[]]></system-err>
</testsuite>
