<?xml version="1.0" encoding="UTF-8"?>
<testsuite name="com.caneda.springboot.entity.UserEntityTest" tests="5" skipped="0" failures="0" errors="0" timestamp="2026-05-30T14:55:04.741Z" hostname="LAPTOP-6D9V11MV" time="0.127">
  <properties/>
  <testcase name="shouldReturnFalseWhenInsufficientBalance()" classname="com.caneda.springboot.entity.UserEntityTest" time="0.038"/>
  <testcase name="shouldReturnTrueWhenSufficientBalance()" classname="com.caneda.springboot.entity.UserEntityTest" time="0.006"/>
  <testcase name="shouldReturnTrueWhenUserIsValid()" classname="com.caneda.springboot.entity.UserEntityTest" time="0.005"/>
  <testcase name="shouldApplyWalletAmount()" classname="com.caneda.springboot.entity.UserEntityTest" time="0.061"/>
  <testcase name="shouldReturnFalseWhenUserIsInvalid()" classname="com.caneda.springboot.entity.UserEntityTest" time="0.001"/>
  <system-out><![CDATA[]]></system-out>
  <system-err><![CDATA[]]></system-err>
</testsuite>
