<?xml version="1.0" encoding="UTF-8"?>
<testsuite name="com.caneda.springboot.DemoApplicationTests" tests="1" skipped="0" failures="0" errors="0" timestamp="2026-05-30T14:55:04.540Z" hostname="LAPTOP-6D9V11MV" time="0.197">
  <properties/>
  <testcase name="contextLoads()" classname="com.caneda.springboot.DemoApplicationTests" time="0.014"/>
  <system-out><![CDATA[2026-05-30T22:55:04.552+08:00  INFO 29564 --- [    Test worker] t.c.s.AnnotationConfigContextLoaderUtils : Could not detect default configuration classes for test class [com.caneda.springboot.DemoApplicationTests]: DemoApplicationTests does not declare any static, non-private, non-final, nested classes annotated with @Configuration.
2026-05-30T22:55:04.605+08:00  INFO 29564 --- [    Test worker] .b.t.c.SpringBootTestContextBootstrapper : Found @SpringBootConfiguration com.caneda.springboot.DemoApplication for test class com.caneda.springboot.DemoApplicationTests
2026-05-30T22:55:04.659+08:00  INFO 29564 --- [    Test worker] t.c.s.AnnotationConfigContextLoaderUtils : Could not detect default configuration classes for test class [com.caneda.springboot.DemoApplicationTests]: DemoApplicationTests does not declare any static, non-private, non-final, nested classes annotated with @Configuration.
2026-05-30T22:55:04.689+08:00  INFO 29564 --- [    Test worker] .b.t.c.SpringBootTestContextBootstrapper : Found @SpringBootConfiguration com.caneda.springboot.DemoApplication for test class com.caneda.springboot.DemoApplicationTests
]]></system-out>
  <system-err><![CDATA[]]></system-err>
</testsuite>
