<?xml version="1.0" encoding="UTF-8"?>
<testsuite name="com.caneda.springboot.service.WalletServiceTest" tests="4" skipped="0" failures="0" errors="0" timestamp="2026-05-30T14:55:07.552Z" hostname="LAPTOP-6D9V11MV" time="0.21">
  <properties/>
  <testcase name="shouldThrowWhenUserNotFoundForWallet()" classname="com.caneda.springboot.service.WalletServiceTest" time="0.081"/>
  <testcase name="shouldThrowWhenInsufficientBalance()" classname="com.caneda.springboot.service.WalletServiceTest" time="0.011"/>
  <testcase name="shouldDeductFromWallet()" classname="com.caneda.springboot.service.WalletServiceTest" time="0.015"/>
  <testcase name="shouldAddToWallet()" classname="com.caneda.springboot.service.WalletServiceTest" time="0.09"/>
  <system-out><![CDATA[]]></system-out>
  <system-err><![CDATA[]]></system-err>
</testsuite>
