<?xml version="1.0" encoding="UTF-8"?>
<testsuite name="com.caneda.springboot.controller.MeControllerTest" tests="1" skipped="0" failures="0" errors="0" timestamp="2026-05-30T14:53:52.748Z" hostname="LAPTOP-6D9V11MV" time="56.95">
  <properties/>
  <testcase name="shouldReturnMeInfo()" classname="com.caneda.springboot.controller.MeControllerTest" time="2.642"/>
  <system-out><![CDATA[22:53:55.113 [Test worker] INFO org.springframework.test.context.support.AnnotationConfigContextLoaderUtils -- Could not detect default configuration classes for test class [com.caneda.springboot.controller.MeControllerTest]: MeControllerTest does not declare any static, non-private, non-final, nested classes annotated with @Configuration.
22:53:56.401 [Test worker] INFO org.springframework.boot.test.context.SpringBootTestContextBootstrapper -- Found @SpringBootConfiguration com.caneda.springboot.DemoApplication for test class com.caneda.springboot.controller.MeControllerTest
22:53:58.330 [Test worker] INFO org.springframework.test.context.support.AnnotationConfigContextLoaderUtils -- Could not detect default configuration classes for test class [com.caneda.springboot.controller.MeControllerTest]: MeControllerTest does not declare any static, non-private, non-final, nested classes annotated with @Configuration.
22:53:58.346 [Test worker] INFO org.springframework.boot.test.context.SpringBootTestContextBootstrapper -- Found @SpringBootConfiguration com.caneda.springboot.DemoApplication for test class com.caneda.springboot.controller.MeControllerTest

  .   ____          _            __ _ _
 /\\ / ___'_ __ _ _(_)_ __  __ _ \ \ \ \
( ( )\___ | '_ | '_| | '_ \/ _` | \ \ \ \
 \\/  ___)| |_)| | | | | || (_| |  ) ) ) )
  '  |____| .__|_| |_|_| |_\__, | / / / /
 =========|_|==============|___/=/_/_/_/

 :: Spring Boot ::                (v4.0.6)

2026-05-30T22:54:01.832+08:00  INFO 29564 --- [    Test worker] c.c.s.controller.MeControllerTest        : Starting MeControllerTest using Java 21.0.11 with PID 29564 (started by hmk2l in C:\Users\hmk2l\IdeaProjects\diover-clan\grasp-ut-lab\1\caneda)
2026-05-30T22:54:01.847+08:00 DEBUG 29564 --- [    Test worker] c.c.s.controller.MeControllerTest        : Running with Spring Boot v4.0.6, Spring v7.0.7
2026-05-30T22:54:01.851+08:00  INFO 29564 --- [    Test worker] c.c.s.controller.MeControllerTest        : No active profile set, falling back to 1 default profile: "default"
2026-05-30T22:54:08.653+08:00  INFO 29564 --- [    Test worker] .s.d.r.c.RepositoryConfigurationDelegate : Bootstrapping Spring Data JPA repositories in DEFAULT mode.
2026-05-30T22:54:09.158+08:00  INFO 29564 --- [    Test worker] .s.d.r.c.RepositoryConfigurationDelegate : Finished Spring Data repository scanning in 384 ms. Found 1 JPA repository interface.
2026-05-30T22:54:12.377+08:00  INFO 29564 --- [    Test worker] com.zaxxer.hikari.HikariDataSource       : HikariPool-1 - Starting...
2026-05-30T22:54:15.136+08:00  INFO 29564 --- [    Test worker] com.zaxxer.hikari.pool.HikariPool        : HikariPool-1 - Added connection conn0: url=jdbc:h2:mem:8ac30c64-6646-43ae-aba6-d3f55c063f9c user=SA
2026-05-30T22:54:15.152+08:00  INFO 29564 --- [    Test worker] com.zaxxer.hikari.HikariDataSource       : HikariPool-1 - Start completed.
2026-05-30T22:54:15.787+08:00  INFO 29564 --- [    Test worker] org.hibernate.orm.jpa                    : HHH008540: Processing PersistenceUnitInfo [name: default]
2026-05-30T22:54:17.297+08:00  INFO 29564 --- [    Test worker] org.hibernate.orm.core                   : HHH000001: Hibernate ORM core version 7.2.12.Final
2026-05-30T22:54:27.346+08:00  INFO 29564 --- [    Test worker] o.s.o.j.p.SpringPersistenceUnitInfo      : No LoadTimeWeaver setup: ignoring JPA class transformer
2026-05-30T22:54:28.169+08:00  INFO 29564 --- [    Test worker] org.hibernate.orm.connections.pooling    : HHH10001005: Database info:
	Database JDBC URL [jdbc:h2:mem:8ac30c64-6646-43ae-aba6-d3f55c063f9c]
	Database driver: H2 JDBC Driver
	Database dialect: H2Dialect
	Database version: 2.4.240
	Default catalog/schema: 8AC30C64-6646-43AE-ABA6-D3F55C063F9C/PUBLIC
	Autocommit mode: undefined/unknown
	Isolation level: READ_COMMITTED [default READ_COMMITTED]
	JDBC fetch size: 100
	Pool: DataSourceConnectionProvider
	Minimum pool size: undefined/unknown
	Maximum pool size: undefined/unknown
2026-05-30T22:54:38.955+08:00  INFO 29564 --- [    Test worker] org.hibernate.orm.core                   : HHH000489: No JTA platform available (set 'hibernate.transaction.jta.platform' to enable JTA platform integration)
2026-05-30T22:54:39.566+08:00  INFO 29564 --- [    Test worker] j.LocalContainerEntityManagerFactoryBean : Initialized JPA EntityManagerFactory for persistence unit 'default'
2026-05-30T22:54:40.430+08:00  INFO 29564 --- [    Test worker] o.s.d.j.r.query.QueryEnhancerFactories   : Hibernate is in classpath; If applicable, HQL parser will be used.
2026-05-30T22:54:42.778+08:00  WARN 29564 --- [    Test worker] JpaBaseConfiguration$JpaWebConfiguration : spring.jpa.open-in-view is enabled by default. Therefore, database queries may be performed during view rendering. Explicitly configure spring.jpa.open-in-view to disable this warning
2026-05-30T22:54:46.987+08:00  INFO 29564 --- [    Test worker] c.c.s.controller.MeControllerTest        : Started MeControllerTest in 47.566 seconds (process running for 71.933)
2026-05-30T22:54:48.881+08:00  INFO 29564 --- [    Test worker] o.s.b.t.m.w.SpringBootMockServletContext : Initializing Spring TestDispatcherServlet ''
2026-05-30T22:54:48.882+08:00  INFO 29564 --- [    Test worker] o.s.t.web.servlet.TestDispatcherServlet  : Initializing Servlet ''
2026-05-30T22:54:48.886+08:00  INFO 29564 --- [    Test worker] o.s.t.web.servlet.TestDispatcherServlet  : Completed initialization in 2 ms
]]></system-out>
  <system-err><![CDATA[Mockito is currently self-attaching to enable the inline-mock-maker. This will no longer work in future releases of the JDK. Please add Mockito as an agent to your build as described in Mockito's documentation: https://javadoc.io/doc/org.mockito/mockito-core/latest/org.mockito/org/mockito/Mockito.html#0.3
WARNING: A Java agent has been loaded dynamically (C:\Users\hmk2l\.gradle\caches\modules-2\files-2.1\net.bytebuddy\byte-buddy-agent\1.17.8\f09415827a71be7ed621c7bd02550678f28bc81c\byte-buddy-agent-1.17.8.jar)
WARNING: If a serviceability tool is in use, please run with -XX:+EnableDynamicAgentLoading to hide this warning
WARNING: If a serviceability tool is not in use, please run with -Djdk.instrument.traceUsage for more information
WARNING: Dynamic loading of agents will be disallowed by default in a future release
]]></system-err>
</testsuite>
